<?xml version="1.0" encoding="UTF-8"?>
<!-- Generated by org.testng.reporters.JUnitXMLReporter -->
<testsuite hostname="AIPLLTH321" name="lockingUserAcc" tests="3" failures="0" timestamp="5 Mar 2021 10:17:06 GMT" time="0.019" errors="0">
  <testcase name="lockingUserAcc" time="0.0" classname="com.selenium.DataDriven.Unlock_User.UnlockingLockedUserAccount">
    <skipped/>
  </testcase> <!-- lockingUserAcc -->
  <testcase name="permVerfUserUnLock" time="0.0" classname="com.selenium.DataDriven.Unlock_User.UnlockingLockedUserAccount">
    <skipped/>
  </testcase> <!-- permVerfUserUnLock -->
  <testcase name="unlockingUserAcc" time="0.0" classname="com.selenium.DataDriven.Unlock_User.UnlockingLockedUserAccount">
    <skipped/>
  </testcase> <!-- unlockingUserAcc -->
</testsuite> <!-- lockingUserAcc -->
