<?xml version="1.0" encoding="UTF-8"?>
<!-- Generated by org.testng.reporters.JUnitXMLReporter -->
<testsuite hostname="AIPLLTH321" ignored="0" name="TestA" tests="3" failures="0" timestamp="19 Feb 2021 09:43:55 GMT" time="8.443" errors="0">
  <testcase name="loginsuccess" time="7.83" classname="com.selenium.DataDriven.testcases.LoginTestCase1"/>
  <testcase name="loginsuccess" time="0.003" classname="com.selenium.DataDriven.testcases.LoginTestCase1">
    <skipped/>
  </testcase> <!-- loginsuccess -->
  <testcase name="loginsuccess" time="0.003" classname="com.selenium.DataDriven.testcases.LoginTestCase1">
    <skipped/>
  </testcase> <!-- loginsuccess -->
</testsuite> <!-- TestA -->
