<?xml version="1.0" encoding="UTF-8"?>
<!-- Generated by org.testng.reporters.JUnitXMLReporter -->
<testsuite hostname="AIPLLTH321" ignored="0" name="TestC" tests="4" failures="0" timestamp="19 Feb 2021 09:43:55 GMT" time="0.167" errors="0">
  <testcase name="loginsuccess" time="0.004" classname="com.selenium.DataDriven.testcases.LoginTestCase3">
    <skipped/>
  </testcase> <!-- loginsuccess -->
  <testcase name="loginsuccess" time="0.003" classname="com.selenium.DataDriven.testcases.LoginTestCase3">
    <skipped/>
  </testcase> <!-- loginsuccess -->
  <testcase name="loginsuccess" time="0.003" classname="com.selenium.DataDriven.testcases.LoginTestCase3">
    <skipped/>
  </testcase> <!-- loginsuccess -->
  <testcase name="loginsuccess" time="0.004" classname="com.selenium.DataDriven.testcases.LoginTestCase3">
    <skipped/>
  </testcase> <!-- loginsuccess -->
</testsuite> <!-- TestC -->
