# JRE version: OpenJDK Runtime Environment (8.0_275-b01) (build 1.8.0_275-8u275-b01-0ubuntu1~18.04-b01)
# Java VM: OpenJDK 64-Bit Server VM (25.275-b01 mixed mode linux-amd64 compressed oops)
Heap:
 PSYoungGen      total 74752K, used 13190K [0x000000076d400000, 0x0000000772700000, 0x00000007c0000000)
  eden space 64512K, 20% used [0x000000076d400000,0x000000076e0e1af8,0x0000000771300000)
  from space 10240K, 0% used [0x0000000771d00000,0x0000000771d00000,0x0000000772700000)
  to   space 10240K, 0% used [0x0000000771300000,0x0000000771300000,0x0000000771d00000)
 ParOldGen       total 75264K, used 9196K [0x00000006c7c00000, 0x00000006cc580000, 0x000000076d400000)
  object space 75264K, 12% used [0x00000006c7c00000,0x00000006c84fb158,0x00000006cc580000)
 Metaspace       used 22115K, capacity 22586K, committed 22784K, reserved 1069056K
  class space    used 2845K, capacity 3019K, committed 3072K, reserved 1048576K
GC Heap History (6 events):
Event: 36.764 GC heap before
{Heap before GC invocations=1 (full 0):
 PSYoungGen      total 74752K, used 64512K [0x000000076d400000, 0x0000000772700000, 0x00000007c0000000)
  eden space 64512K, 100% used [0x000000076d400000,0x0000000771300000,0x0000000771300000)
  from space 10240K, 0% used [0x0000000771d00000,0x0000000771d00000,0x0000000772700000)
  to   space 10240K, 0% used [0x0000000771300000,0x0000000771300000,0x0000000771d00000)
 ParOldGen       total 171008K, used 0K [0x00000006c7c00000, 0x00000006d2300000, 0x000000076d400000)
  object space 171008K, 0% used [0x00000006c7c00000,0x00000006c7c00000,0x00000006d2300000)
 Metaspace       used 15595K, capacity 15702K, committed 15872K, reserved 1062912K
  class space    used 1925K, capacity 1945K, committed 2048K, reserved 1048576K
Event: 36.774 GC heap after
Heap after GC invocations=1 (full 0):
 PSYoungGen      total 74752K, used 10211K [0x000000076d400000, 0x0000000772700000, 0x00000007c0000000)
  eden space 64512K, 0% used [0x000000076d400000,0x000000076d400000,0x0000000771300000)
  from space 10240K, 99% used [0x0000000771300000,0x0000000771cf8c88,0x0000000771d00000)
  to   space 10240K, 0% used [0x0000000771d00000,0x0000000771d00000,0x0000000772700000)
 ParOldGen       total 171008K, used 1118K [0x00000006c7c00000, 0x00000006d2300000, 0x000000076d400000)
  object space 171008K, 0% used [0x00000006c7c00000,0x00000006c7d17b00,0x00000006d2300000)
 Metaspace       used 15595K, capacity 15702K, committed 15872K, reserved 1062912K
  class space    used 1925K, capacity 1945K, committed 2048K, reserved 1048576K
}
Event: 38.424 GC heap before
{Heap before GC invocations=2 (full 0):
 PSYoungGen      total 74752K, used 38712K [0x000000076d400000, 0x0000000772700000, 0x00000007c0000000)
  eden space 64512K, 44% used [0x000000076d400000,0x000000076efd5668,0x0000000771300000)
  from space 10240K, 99% used [0x0000000771300000,0x0000000771cf8c88,0x0000000771d00000)
  to   space 10240K, 0% used [0x0000000771d00000,0x0000000771d00000,0x0000000772700000)
 ParOldGen       total 171008K, used 1118K [0x00000006c7c00000, 0x00000006d2300000, 0x000000076d400000)
  object space 171008K, 0% used [0x00000006c7c00000,0x00000006c7d17b00,0x00000006d2300000)
 Metaspace       used 20776K, capacity 21234K, committed 21248K, reserved 1067008K
  class space    used 2646K, capacity 2809K, committed 2816K, reserved 1048576K
Event: 38.433 GC heap after
Heap after GC invocations=2 (full 0):
 PSYoungGen      total 74752K, used 9411K [0x000000076d400000, 0x0000000772700000, 0x00000007c0000000)
  eden space 64512K, 0% used [0x000000076d400000,0x000000076d400000,0x0000000771300000)
  from space 10240K, 91% used [0x0000000771d00000,0x0000000772630cd8,0x0000000772700000)
  to   space 10240K, 0% used [0x0000000771300000,0x0000000771300000,0x0000000771d00000)
 ParOldGen       total 171008K, used 1126K [0x00000006c7c00000, 0x00000006d2300000, 0x000000076d400000)
  object space 171008K, 0% used [0x00000006c7c00000,0x00000006c7d19b00,0x00000006d2300000)
 Metaspace       used 20776K, capacity 21234K, committed 21248K, reserved 1067008K
  class space    used 2646K, capacity 2809K, committed 2816K, reserved 1048576K
}
Event: 38.433 GC heap before
{Heap before GC invocations=3 (full 1):
 PSYoungGen      total 74752K, used 9411K [0x000000076d400000, 0x0000000772700000, 0x00000007c0000000)
  eden space 64512K, 0% used [0x000000076d400000,0x000000076d400000,0x0000000771300000)
  from space 10240K, 91% used [0x0000000771d00000,0x0000000772630cd8,0x0000000772700000)
  to   space 10240K, 0% used [0x0000000771300000,0x0000000771300000,0x0000000771d00000)
 ParOldGen       total 171008K, used 1126K [0x00000006c7c00000, 0x00000006d2300000, 0x000000076d400000)
  object space 171008K, 0% used [0x00000006c7c00000,0x00000006c7d19b00,0x00000006d2300000)
 Metaspace       used 20776K, capacity 21234K, committed 21248K, reserved 1067008K
  class space    used 2646K, capacity 2809K, committed 2816K, reserved 1048576K
Event: 38.467 GC heap after
Heap after GC invocations=3 (full 1):
 PSYoungGen      total 74752K, used 0K [0x000000076d400000, 0x0000000772700000, 0x00000007c0000000)
  eden space 64512K, 0% used [0x000000076d400000,0x000000076d400000,0x0000000771300000)
  from space 10240K, 0% used [0x0000000771d00000,0x0000000771d00000,0x0000000772700000)
  to   space 10240K, 0% used [0x0000000771300000,0x0000000771300000,0x0000000771d00000)
 ParOldGen       total 75264K, used 9196K [0x00000006c7c00000, 0x00000006cc580000, 0x000000076d400000)
  object space 75264K, 12% used [0x00000006c7c00000,0x00000006c84fb158,0x00000006cc580000)
 Metaspace       used 20764K, capacity 21212K, committed 21248K, reserved 1067008K
  class space    used 2641K, capacity 2800K, committed 2816K, reserved 1048576K
}

