<?xml version="1.0" encoding="UTF-8"?>
<!-- Generated by org.testng.reporters.JUnitXMLReporter -->
<testsuite hostname="AIPLLTH321" ignored="0" name="Default test" tests="3" failures="0" timestamp="24 Sep 2021 06:56:21 GMT" time="52.371" errors="0">
  <testcase name="VerifyAppDis" time="22.245" classname="com.selenium.DataDriven.TestCases.InboundwithoutPartitions"/>
  <testcase name="UploadTenInputfile" time="17.767" classname="com.selenium.DataDriven.TestCases.InboundwithoutPartitions"/>
  <testcase name="verinstancestatus" time="11.406" classname="com.selenium.DataDriven.TestCases.InboundwithoutPartitions"/>
</testsuite> <!-- Default test -->
