<?xml version="1.0" encoding="UTF-8"?>
<!-- Generated by org.testng.reporters.JUnitXMLReporter -->
<testsuite hostname="AIPLLTH321" ignored="0" name="Testname1" tests="2" failures="0" timestamp="21 Jul 2021 05:30:59 GMT" time="34.912" errors="0">
  <testcase name="PartnerMangMenu" time="29.593" classname="com.selenium.DataDriven.TestCases.Partnermanagment"/>
  <testcase name="PartneDeatilsPage" time="4.636" classname="com.selenium.DataDriven.TestCases.Partnermanagment"/>
</testsuite> <!-- Testname1 -->
