<?xml version="1.0" encoding="UTF-8"?>
<testng-results skipped="0" failed="0" ignored="0" total="3" passed="3">
  <reporter-output>
  </reporter-output>
  <suite name="Default suite" duration-ms="52371" started-at="2021-09-24T06:55:28Z" finished-at="2021-09-24T06:56:21Z">
    <groups>
    </groups>
    <test name="Default test" duration-ms="52371" started-at="2021-09-24T06:55:28Z" finished-at="2021-09-24T06:56:21Z">
      <class name="com.selenium.DataDriven.TestCases.InboundwithoutPartitions">
        <test-method status="PASS" signature="init()[pri:0, instance:com.selenium.DataDriven.TestCases.InboundwithoutPartitions@33723e30]" name="init" is-config="true" duration-ms="6" started-at="2021-09-24T12:25:28Z" finished-at="2021-09-24T12:25:28Z">
          <reporter-output>
          </reporter-output>
        </test-method> <!-- init -->
        <test-method status="PASS" signature="VerifyAppDis(java.util.Hashtable)[pri:1, instance:com.selenium.DataDriven.TestCases.InboundwithoutPartitions@33723e30]" name="VerifyAppDis" duration-ms="22245" started-at="2021-09-24T12:25:29Z" data-provider="InboundwithoutPartition" finished-at="2021-09-24T12:25:51Z">
          <params>
            <param index="0">
              <value>
                <![CDATA[{CustomerPassword=Test@1234, CustomerName=dmartorg, SecurityAnswer2=test, SecurityAnswer1=test, Runmode=Y, Browser=Chrome}]]>
              </value>
            </param>
          </params>
          <reporter-output>
          </reporter-output>
        </test-method> <!-- VerifyAppDis -->
        <test-method status="PASS" signature="endtest()[pri:0, instance:com.selenium.DataDriven.TestCases.InboundwithoutPartitions@33723e30]" name="endtest" is-config="true" duration-ms="1" started-at="2021-09-24T12:25:51Z" finished-at="2021-09-24T12:25:51Z">
          <reporter-output>
          </reporter-output>
        </test-method> <!-- endtest -->
        <test-method status="PASS" signature="UploadTenInputfile(java.util.Hashtable)[pri:2, instance:com.selenium.DataDriven.TestCases.InboundwithoutPartitions@33723e30]" name="UploadTenInputfile" duration-ms="17767" started-at="2021-09-24T12:25:51Z" data-provider="InboundwithoutPartition" depends-on-methods="com.selenium.DataDriven.TestCases.InboundwithoutPartitions.VerifyAppDis" finished-at="2021-09-24T12:26:09Z">
          <params>
            <param index="0">
              <value>
                <![CDATA[{CustomerPassword=Test@1234, CustomerName=dmartorg, SecurityAnswer2=test, SecurityAnswer1=test, Runmode=Y, Browser=Chrome}]]>
              </value>
            </param>
          </params>
          <reporter-output>
          </reporter-output>
        </test-method> <!-- UploadTenInputfile -->
        <test-method status="PASS" signature="endtest()[pri:0, instance:com.selenium.DataDriven.TestCases.InboundwithoutPartitions@33723e30]" name="endtest" is-config="true" duration-ms="6" started-at="2021-09-24T12:26:09Z" finished-at="2021-09-24T12:26:09Z">
          <reporter-output>
          </reporter-output>
        </test-method> <!-- endtest -->
        <test-method status="PASS" signature="verinstancestatus(java.util.Hashtable)[pri:3, instance:com.selenium.DataDriven.TestCases.InboundwithoutPartitions@33723e30]" name="verinstancestatus" duration-ms="11406" started-at="2021-09-24T12:26:09Z" data-provider="InboundwithoutPartition" depends-on-methods="com.selenium.DataDriven.TestCases.InboundwithoutPartitions.UploadTenInputfile" finished-at="2021-09-24T12:26:20Z">
          <params>
            <param index="0">
              <value>
                <![CDATA[{CustomerPassword=Test@1234, CustomerName=dmartorg, SecurityAnswer2=test, SecurityAnswer1=test, Runmode=Y, Browser=Chrome}]]>
              </value>
            </param>
          </params>
          <reporter-output>
          </reporter-output>
        </test-method> <!-- verinstancestatus -->
        <test-method status="PASS" signature="endtest()[pri:0, instance:com.selenium.DataDriven.TestCases.InboundwithoutPartitions@33723e30]" name="endtest" is-config="true" duration-ms="1" started-at="2021-09-24T12:26:20Z" finished-at="2021-09-24T12:26:20Z">
          <reporter-output>
          </reporter-output>
        </test-method> <!-- endtest -->
        <test-method status="PASS" signature="quit()[pri:0, instance:com.selenium.DataDriven.TestCases.InboundwithoutPartitions@33723e30]" name="quit" is-config="true" duration-ms="286" started-at="2021-09-24T12:26:20Z" finished-at="2021-09-24T12:26:21Z">
          <reporter-output>
          </reporter-output>
        </test-method> <!-- quit -->
      </class> <!-- com.selenium.DataDriven.TestCases.InboundwithoutPartitions -->
    </test> <!-- Default test -->
  </suite> <!-- Default suite -->
</testng-results>
